mysqld, Version: 5.7.26-log (MySQL Community Server (GPL)). started with:
Tcp port: 0  Unix socket: /var/run/mysqld/mysqld.sock
Time                 Id Command    Argument
mysqld, Version: 5.7.26-log (MySQL Community Server (GPL)). started with:
Tcp port: 0  Unix socket: /var/run/mysqld/mysqld.sock
Time                 Id Command    Argument
mysqld, Version: 5.7.26-log (MySQL Community Server (GPL)). started with:
Tcp port: 0  Unix socket: /var/run/mysqld/mysqld.sock
Time                 Id Command    Argument
mysqld, Version: 5.7.26-log (MySQL Community Server (GPL)). started with:
Tcp port: 0  Unix socket: /var/run/mysqld/mysqld.sock
Time                 Id Command    Argument
mysqld, Version: 5.7.26-log (MySQL Community Server (GPL)). started with:
Tcp port: 0  Unix socket: /var/run/mysqld/mysqld.sock
Time                 Id Command    Argument
# Time: 2019-05-20T18:05:29.694437+08:00
# User@Host: root[root] @ localhost []  Id:     3
# Query_time: 7.405744  Lock_time: 0.001095 Rows_sent: 0  Rows_examined: 0
use mysql;
SET timestamp=1558346729;
INSERT INTO time_zone_transition (Time_zone_id, Transition_time, Transition_type_id) VALUES
 (@time_zone_id, -2147483648, 0)
,(@time_zone_id, -2032931252, 1)
,(@time_zone_id, 252435606, 3)
,(@time_zone_id, 417974411, 2)
,(@time_zone_id, 433782012, 3)
,(@time_zone_id, 449596812, 2)
,(@time_zone_id, 465318012, 3)
,(@time_zone_id, 481046412, 2)
,(@time_zone_id, 496767613, 3)
,(@time_zone_id, 512496013, 2)
,(@time_zone_id, 528217213, 3)
,(@time_zone_id, 543945613, 2)
,(@time_zone_id, 559666813, 3)
,(@time_zone_id, 575395214, 2)
,(@time_zone_id, 591116414, 3)
,(@time_zone_id, 606844814, 2)
,(@time_zone_id, 622566014, 3)
,(@time_zone_id, 638294415, 2)
,(@time_zone_id, 654620415, 3)
,(@time_zone_id, 670348816, 2)
,(@time_zone_id, 686070016, 3)
,(@time_zone_id, 701798416, 2)
,(@time_zone_id, 717519617, 3)
,(@time_zone_id, 733248017, 2)
,(@time_zone_id, 748969218, 3)
,(@time_zone_id, 764697618, 2)
,(@time_zone_id, 780418819, 3)
,(@time_zone_id, 796147219, 2)
,(@time_zone_id, 811868419, 3)
,(@time_zone_id, 828201620, 2)
,(@time_zone_id, 843922820, 3)
,(@time_zone_id, 859651220, 2)
,(@time_zone_id, 875372421, 3)
,(@time_zone_id, 891100821, 2)
,(@time_zone_id, 906822021, 3)
,(@time_zone_id, 988394422, 2)
,(@time_zone_id, 1001696422, 3)
,(@time_zone_id, 1017424822, 2)
,(@time_zone_id, 1033146022, 3)
,(@time_zone_id, 1048874422, 2)
,(@time_zone_id, 1064595622, 3)
,(@time_zone_id, 1080324022, 2)
,(@time_zone_id, 1096045222, 3)
,(@time_zone_id, 1111773622, 2)
,(@time_zone_id, 1127494822, 3)
,(@time_zone_id, 1143223223, 2)
,(@time_zone_id, 1159549223, 3)
,(@time_zone_id, 1427479225, 2)
,(@time_zone_id, 1443193226, 3)
,(@time_zone_id, 1458928826, 2)
,(@time_zone_id, 1474642826, 3);
mysqld, Version: 5.7.26-log (MySQL Community Server (GPL)). started with:
Tcp port: 0  Unix socket: /var/run/mysqld/mysqld.sock
Time                 Id Command    Argument
mysqld, Version: 5.7.26-log (MySQL Community Server (GPL)). started with:
Tcp port: 0  Unix socket: /var/run/mysqld/mysqld.sock
Time                 Id Command    Argument
mysqld, Version: 5.7.26-log (MySQL Community Server (GPL)). started with:
Tcp port: 0  Unix socket: /var/run/mysqld/mysqld.sock
Time                 Id Command    Argument
